[debug] [2022-05-25T14:16:13.944Z] ----------------------------------------------------------------------
[debug] [2022-05-25T14:16:13.945Z] Command:       C:\Program Files\nodejs\node.exe C:\Users\kit\AppData\Roaming\npm\node_modules\firebase-tools\lib\bin\firebase.js init
[debug] [2022-05-25T14:16:13.946Z] CLI Version:   11.0.1
[debug] [2022-05-25T14:16:13.946Z] Platform:      win32
[debug] [2022-05-25T14:16:13.946Z] Node Version:  v16.15.0
[debug] [2022-05-25T14:16:13.946Z] Time:          Wed May 25 2022 10:16:13 GMT-0400 (Eastern Daylight Time)
[debug] [2022-05-25T14:16:13.946Z] ----------------------------------------------------------------------
[debug] 
[debug] [2022-05-25T14:16:13.997Z] > command requires scopes: ["email","openid","https://www.googleapis.com/auth/cloudplatformprojects.readonly","https://www.googleapis.com/auth/firebase","https://www.googleapis.com/auth/cloud-platform"]
[debug] [2022-05-25T14:16:13.998Z] > authorizing via signed-in user (kit@made.llc)
[info] 
     ######## #### ########  ######## ########     ###     ######  ########
     ##        ##  ##     ## ##       ##     ##  ##   ##  ##       ##
     ######    ##  ########  ######   ########  #########  ######  ######
     ##        ##  ##    ##  ##       ##     ## ##     ##       ## ##
     ##       #### ##     ## ######## ########  ##     ##  ######  ########

You're about to initialize a Firebase project in this directory:

  C:\Projects\nft

Before we get started, keep in mind:

  * You are currently outside your home directory
  * You are initializing within an existing Firebase project directory

